{"C:\\Users\\bradn\\futureproof\\central_repo_habitual\\Front_end_Habitual\\static\\js\\script.js": {"path":"C:\\Users\\bradn\\futureproof\\central_repo_habitual\\Front_end_Habitual\\static\\js\\script.js","statementMap":{"0":{"start":{"line":1,"column":17},"end":{"line":1,"column":60}},"1":{"start":{"line":2,"column":17},"end":{"line":2,"column":58}},"2":{"start":{"line":6,"column":17},"end":{"line":6,"column":43}},"3":{"start":{"line":7,"column":4},"end":{"line":10,"column":28}},"4":{"start":{"line":8,"column":19},"end":{"line":8,"column":27}},"5":{"start":{"line":13,"column":4},"end":{"line":13,"column":23}},"6":{"start":{"line":14,"column":4},"end":{"line":44,"column":5}},"7":{"start":{"line":15,"column":8},"end":{"line":15,"column":89}},"8":{"start":{"line":19,"column":8},"end":{"line":19,"column":70}},"9":{"start":{"line":20,"column":8},"end":{"line":20,"column":68}},"10":{"start":{"line":22,"column":26},"end":{"line":28,"column":9}},"11":{"start":{"line":30,"column":8},"end":{"line":30,"column":52}},"12":{"start":{"line":32,"column":24},"end":{"line":39,"column":9}},"13":{"start":{"line":41,"column":8},"end":{"line":43,"column":32}},"14":{"start":{"line":42,"column":23},"end":{"line":42,"column":31}},"15":{"start":{"line":50,"column":23},"end":{"line":50,"column":43}},"16":{"start":{"line":51,"column":15},"end":{"line":51,"column":41}},"17":{"start":{"line":52,"column":4},"end":{"line":70,"column":5}},"18":{"start":{"line":53,"column":24},"end":{"line":59,"column":9}},"19":{"start":{"line":60,"column":25},"end":{"line":60,"column":80}},"20":{"start":{"line":61,"column":24},"end":{"line":61,"column":45}},"21":{"start":{"line":62,"column":8},"end":{"line":66,"column":9}},"22":{"start":{"line":63,"column":12},"end":{"line":63,"column":28}},"23":{"start":{"line":65,"column":12},"end":{"line":65,"column":30}},"24":{"start":{"line":69,"column":8},"end":{"line":69,"column":26}},"25":{"start":{"line":76,"column":4},"end":{"line":95,"column":5}},"26":{"start":{"line":77,"column":24},"end":{"line":83,"column":9}},"27":{"start":{"line":84,"column":19},"end":{"line":84,"column":41}},"28":{"start":{"line":85,"column":25},"end":{"line":85,"column":75}},"29":{"start":{"line":86,"column":24},"end":{"line":86,"column":45}},"30":{"start":{"line":87,"column":8},"end":{"line":91,"column":9}},"31":{"start":{"line":88,"column":12},"end":{"line":88,"column":28}},"32":{"start":{"line":93,"column":8},"end":{"line":93,"column":26}},"33":{"start":{"line":94,"column":8},"end":{"line":94,"column":26}},"34":{"start":{"line":99,"column":16},"end":{"line":101,"column":1}},"35":{"start":{"line":100,"column":4},"end":{"line":100,"column":28}},"36":{"start":{"line":104,"column":16},"end":{"line":184,"column":1}},"37":{"start":{"line":105,"column":4},"end":{"line":180,"column":5}},"38":{"start":{"line":106,"column":23},"end":{"line":106,"column":52}},"39":{"start":{"line":107,"column":8},"end":{"line":107,"column":34}},"40":{"start":{"line":108,"column":8},"end":{"line":108,"column":42}},"41":{"start":{"line":110,"column":29},"end":{"line":110,"column":58}},"42":{"start":{"line":111,"column":8},"end":{"line":111,"column":45}},"43":{"start":{"line":112,"column":8},"end":{"line":112,"column":53}},"44":{"start":{"line":114,"column":8},"end":{"line":114,"column":55}},"45":{"start":{"line":118,"column":31},"end":{"line":118,"column":60}},"46":{"start":{"line":119,"column":8},"end":{"line":119,"column":50}},"47":{"start":{"line":120,"column":8},"end":{"line":120,"column":58}},"48":{"start":{"line":121,"column":8},"end":{"line":121,"column":89}},"49":{"start":{"line":123,"column":27},"end":{"line":123,"column":59}},"50":{"start":{"line":124,"column":8},"end":{"line":124,"column":55}},"51":{"start":{"line":125,"column":8},"end":{"line":125,"column":36}},"52":{"start":{"line":126,"column":8},"end":{"line":126,"column":47}},"53":{"start":{"line":127,"column":8},"end":{"line":127,"column":36}},"54":{"start":{"line":128,"column":8},"end":{"line":130,"column":10}},"55":{"start":{"line":129,"column":12},"end":{"line":129,"column":30}},"56":{"start":{"line":132,"column":8},"end":{"line":132,"column":40}},"57":{"start":{"line":133,"column":8},"end":{"line":133,"column":42}},"58":{"start":{"line":134,"column":8},"end":{"line":134,"column":38}},"59":{"start":{"line":137,"column":25},"end":{"line":137,"column":67}},"60":{"start":{"line":138,"column":26},"end":{"line":138,"column":69}},"61":{"start":{"line":139,"column":27},"end":{"line":139,"column":71}},"62":{"start":{"line":141,"column":8},"end":{"line":149,"column":9}},"63":{"start":{"line":142,"column":12},"end":{"line":142,"column":40}},"64":{"start":{"line":144,"column":13},"end":{"line":149,"column":9}},"65":{"start":{"line":145,"column":12},"end":{"line":145,"column":41}},"66":{"start":{"line":148,"column":12},"end":{"line":148,"column":42}},"67":{"start":{"line":154,"column":23},"end":{"line":154,"column":52}},"68":{"start":{"line":155,"column":8},"end":{"line":155,"column":34}},"69":{"start":{"line":156,"column":8},"end":{"line":156,"column":42}},"70":{"start":{"line":158,"column":29},"end":{"line":158,"column":58}},"71":{"start":{"line":159,"column":8},"end":{"line":159,"column":45}},"72":{"start":{"line":160,"column":8},"end":{"line":160,"column":53}},"73":{"start":{"line":161,"column":8},"end":{"line":161,"column":55}},"74":{"start":{"line":163,"column":8},"end":{"line":163,"column":40}},"75":{"start":{"line":164,"column":25},"end":{"line":164,"column":67}},"76":{"start":{"line":165,"column":26},"end":{"line":165,"column":69}},"77":{"start":{"line":166,"column":27},"end":{"line":166,"column":71}},"78":{"start":{"line":168,"column":8},"end":{"line":179,"column":9}},"79":{"start":{"line":169,"column":12},"end":{"line":169,"column":40}},"80":{"start":{"line":170,"column":12},"end":{"line":170,"column":39}},"81":{"start":{"line":172,"column":13},"end":{"line":179,"column":9}},"82":{"start":{"line":173,"column":12},"end":{"line":173,"column":41}},"83":{"start":{"line":174,"column":12},"end":{"line":174,"column":39}},"84":{"start":{"line":177,"column":12},"end":{"line":177,"column":42}},"85":{"start":{"line":178,"column":12},"end":{"line":178,"column":39}},"86":{"start":{"line":185,"column":0},"end":{"line":185,"column":38}}},"fnMap":{"0":{"name":"fetchAll","decl":{"start":{"line":5,"column":9},"end":{"line":5,"column":17}},"loc":{"start":{"line":5,"column":20},"end":{"line":11,"column":1}},"line":5},"1":{"name":"(anonymous_1)","decl":{"start":{"line":8,"column":14},"end":{"line":8,"column":15}},"loc":{"start":{"line":8,"column":19},"end":{"line":8,"column":27}},"line":8},"2":{"name":"postHabit","decl":{"start":{"line":12,"column":9},"end":{"line":12,"column":18}},"loc":{"start":{"line":12,"column":22},"end":{"line":47,"column":1}},"line":12},"3":{"name":"(anonymous_3)","decl":{"start":{"line":42,"column":18},"end":{"line":42,"column":19}},"loc":{"start":{"line":42,"column":23},"end":{"line":42,"column":31}},"line":42},"4":{"name":"completedDate","decl":{"start":{"line":49,"column":15},"end":{"line":49,"column":28}},"loc":{"start":{"line":49,"column":32},"end":{"line":71,"column":1}},"line":49},"5":{"name":"appendFrequency","decl":{"start":{"line":75,"column":15},"end":{"line":75,"column":30}},"loc":{"start":{"line":75,"column":34},"end":{"line":97,"column":1}},"line":75},"6":{"name":"(anonymous_6)","decl":{"start":{"line":99,"column":16},"end":{"line":99,"column":17}},"loc":{"start":{"line":99,"column":29},"end":{"line":101,"column":1}},"line":99},"7":{"name":"(anonymous_7)","decl":{"start":{"line":104,"column":16},"end":{"line":104,"column":17}},"loc":{"start":{"line":104,"column":31},"end":{"line":184,"column":1}},"line":104},"8":{"name":"(anonymous_8)","decl":{"start":{"line":128,"column":45},"end":{"line":128,"column":46}},"loc":{"start":{"line":128,"column":52},"end":{"line":130,"column":9}},"line":128}},"branchMap":{"0":{"loc":{"start":{"line":14,"column":4},"end":{"line":44,"column":5}},"type":"if","locations":[{"start":{"line":14,"column":4},"end":{"line":44,"column":5}},{"start":{"line":17,"column":9},"end":{"line":44,"column":5}}],"line":14},"1":{"loc":{"start":{"line":62,"column":8},"end":{"line":66,"column":9}},"type":"if","locations":[{"start":{"line":62,"column":8},"end":{"line":66,"column":9}},{"start":{"line":64,"column":15},"end":{"line":66,"column":9}}],"line":62},"2":{"loc":{"start":{"line":87,"column":8},"end":{"line":91,"column":9}},"type":"if","locations":[{"start":{"line":87,"column":8},"end":{"line":91,"column":9}},{"start":{"line":90,"column":15},"end":{"line":91,"column":9}}],"line":87},"3":{"loc":{"start":{"line":105,"column":4},"end":{"line":180,"column":5}},"type":"if","locations":[{"start":{"line":105,"column":4},"end":{"line":180,"column":5}},{"start":{"line":153,"column":11},"end":{"line":180,"column":5}}],"line":105},"4":{"loc":{"start":{"line":141,"column":8},"end":{"line":149,"column":9}},"type":"if","locations":[{"start":{"line":141,"column":8},"end":{"line":149,"column":9}},{"start":{"line":144,"column":13},"end":{"line":149,"column":9}}],"line":141},"5":{"loc":{"start":{"line":144,"column":13},"end":{"line":149,"column":9}},"type":"if","locations":[{"start":{"line":144,"column":13},"end":{"line":149,"column":9}},{"start":{"line":147,"column":13},"end":{"line":149,"column":9}}],"line":144},"6":{"loc":{"start":{"line":168,"column":8},"end":{"line":179,"column":9}},"type":"if","locations":[{"start":{"line":168,"column":8},"end":{"line":179,"column":9}},{"start":{"line":172,"column":13},"end":{"line":179,"column":9}}],"line":168},"7":{"loc":{"start":{"line":172,"column":13},"end":{"line":179,"column":9}},"type":"if","locations":[{"start":{"line":172,"column":13},"end":{"line":179,"column":9}},{"start":{"line":176,"column":13},"end":{"line":179,"column":9}}],"line":172}},"s":{"0":1,"1":1,"2":1,"3":1,"4":1,"5":0,"6":0,"7":0,"8":0,"9":0,"10":0,"11":0,"12":0,"13":0,"14":0,"15":2,"16":2,"17":2,"18":2,"19":2,"20":2,"21":0,"22":0,"23":0,"24":2,"25":0,"26":0,"27":0,"28":0,"29":0,"30":0,"31":0,"32":0,"33":0,"34":1,"35":1,"36":1,"37":2,"38":0,"39":0,"40":0,"41":0,"42":0,"43":0,"44":0,"45":0,"46":0,"47":0,"48":0,"49":0,"50":0,"51":0,"52":0,"53":0,"54":0,"55":0,"56":0,"57":0,"58":0,"59":0,"60":0,"61":0,"62":0,"63":0,"64":0,"65":0,"66":0,"67":2,"68":2,"69":2,"70":2,"71":2,"72":2,"73":2,"74":2,"75":2,"76":2,"77":2,"78":2,"79":0,"80":0,"81":2,"82":0,"83":0,"84":2,"85":2,"86":1},"f":{"0":1,"1":1,"2":0,"3":0,"4":2,"5":0,"6":1,"7":2,"8":0},"b":{"0":[0,0],"1":[0,0],"2":[0,0],"3":[0,2],"4":[0,0],"5":[0,0],"6":[0,2],"7":[0,2]},"_coverageSchema":"1a1c01bbd47fc00a2c39e90264f33305004495a9","hash":"a53e3d14982bdc98c7ab6276e699d6fa77d2180c"}
}
