TN:
SF:static\js\script.js
FN:5,fetchAll
FN:8,(anonymous_1)
FN:12,postHabit
FN:42,(anonymous_3)
FN:49,completedDate
FN:75,appendFrequency
FN:99,(anonymous_6)
FN:104,(anonymous_7)
FN:128,(anonymous_8)
FNF:9
FNH:5
FNDA:1,fetchAll
FNDA:1,(anonymous_1)
FNDA:0,postHabit
FNDA:0,(anonymous_3)
FNDA:2,completedDate
FNDA:0,appendFrequency
FNDA:1,(anonymous_6)
FNDA:2,(anonymous_7)
FNDA:0,(anonymous_8)
DA:1,1
DA:2,1
DA:6,1
DA:7,1
DA:8,1
DA:13,0
DA:14,0
DA:15,0
DA:19,0
DA:20,0
DA:22,0
DA:30,0
DA:32,0
DA:41,0
DA:42,0
DA:50,2
DA:51,2
DA:52,2
DA:53,2
DA:60,2
DA:61,2
DA:62,0
DA:63,0
DA:65,0
DA:69,2
DA:76,0
DA:77,0
DA:84,0
DA:85,0
DA:86,0
DA:87,0
DA:88,0
DA:93,0
DA:94,0
DA:99,1
DA:100,1
DA:104,1
DA:105,2
DA:106,0
DA:107,0
DA:108,0
DA:110,0
DA:111,0
DA:112,0
DA:114,0
DA:118,0
DA:119,0
DA:120,0
DA:121,0
DA:123,0
DA:124,0
DA:125,0
DA:126,0
DA:127,0
DA:128,0
DA:129,0
DA:132,0
DA:133,0
DA:134,0
DA:137,0
DA:138,0
DA:139,0
DA:141,0
DA:142,0
DA:144,0
DA:145,0
DA:148,0
DA:154,2
DA:155,2
DA:156,2
DA:158,2
DA:159,2
DA:160,2
DA:161,2
DA:163,2
DA:164,2
DA:165,2
DA:166,2
DA:168,2
DA:169,0
DA:170,0
DA:172,2
DA:173,0
DA:174,0
DA:177,2
DA:178,2
DA:185,1
LF:87
LH:32
BRDA:14,0,0,0
BRDA:14,0,1,0
BRDA:62,1,0,0
BRDA:62,1,1,0
BRDA:87,2,0,0
BRDA:87,2,1,0
BRDA:105,3,0,0
BRDA:105,3,1,2
BRDA:141,4,0,0
BRDA:141,4,1,0
BRDA:144,5,0,0
BRDA:144,5,1,0
BRDA:168,6,0,0
BRDA:168,6,1,2
BRDA:172,7,0,0
BRDA:172,7,1,2
BRF:16
BRH:3
end_of_record
