TN:
SF:static\js\script.js
FN:5,fetchAll
FN:8,(anonymous_1)
FN:12,postHabit
FN:42,(anonymous_3)
FN:49,completedDate
FN:75,appendFrequency
FN:99,(anonymous_6)
FN:104,(anonymous_7)
FN:128,(anonymous_8)
FNF:9
FNH:5
FNDA:1,fetchAll
FNDA:1,(anonymous_1)
FNDA:0,postHabit
FNDA:0,(anonymous_3)
FNDA:1,completedDate
FNDA:0,appendFrequency
FNDA:1,(anonymous_6)
FNDA:2,(anonymous_7)
FNDA:0,(anonymous_8)
DA:1,1
DA:2,1
DA:6,1
DA:7,1
DA:8,1
DA:13,0
DA:14,0
DA:15,0
DA:19,0
DA:20,0
DA:22,0
DA:30,0
DA:32,0
DA:41,0
DA:42,0
DA:50,1
DA:51,1
DA:52,1
DA:53,1
DA:60,1
DA:61,1
DA:62,0
DA:63,0
DA:65,0
DA:69,1
DA:76,0
DA:77,0
DA:84,0
DA:85,0
DA:86,0
DA:87,0
DA:88,0
DA:93,0
DA:94,0
DA:99,1
DA:100,1
DA:104,1
DA:105,2
DA:106,1
DA:107,1
DA:108,1
DA:110,1
DA:111,1
DA:112,1
DA:114,1
DA:118,1
DA:119,1
DA:120,1
DA:121,1
DA:123,1
DA:124,1
DA:125,1
DA:126,1
DA:127,1
DA:128,1
DA:129,0
DA:132,1
DA:133,1
DA:134,1
DA:137,1
DA:138,1
DA:139,1
DA:141,1
DA:142,0
DA:144,1
DA:145,0
DA:148,1
DA:154,1
DA:155,1
DA:156,1
DA:158,1
DA:159,1
DA:160,1
DA:161,1
DA:163,1
DA:164,1
DA:165,1
DA:166,1
DA:168,1
DA:169,0
DA:170,0
DA:172,1
DA:173,0
DA:174,0
DA:177,1
DA:178,1
DA:185,1
LF:87
LH:58
BRDA:14,0,0,0
BRDA:14,0,1,0
BRDA:62,1,0,0
BRDA:62,1,1,0
BRDA:87,2,0,0
BRDA:87,2,1,0
BRDA:105,3,0,1
BRDA:105,3,1,1
BRDA:141,4,0,0
BRDA:141,4,1,1
BRDA:144,5,0,0
BRDA:144,5,1,1
BRDA:168,6,0,0
BRDA:168,6,1,1
BRDA:172,7,0,0
BRDA:172,7,1,1
BRF:16
BRH:6
end_of_record
